[0.121s] Invoking command in '/home/dfolse/repos/SPIDER/SPIDER_ws/build/nav2_behavior_tree': AMENT_PREFIX_PATH=/home/dfolse/repos/SPIDER/SPIDER_ws/install/nav2_util:/home/dfolse/repos/SPIDER/SPIDER_ws/install/nav2_msgs:/home/dfolse/repos/SPIDER/SPIDER_ws/install/nav2_common:${AMENT_PREFIX_PATH} CMAKE_PREFIX_PATH=/home/dfolse/repos/SPIDER/SPIDER_ws/install/nav2_util:/home/dfolse/repos/SPIDER/SPIDER_ws/install/nav2_msgs:/home/dfolse/repos/SPIDER/SPIDER_ws/install/nav2_common:/opt/ros/foxy LD_LIBRARY_PATH=/home/dfolse/repos/SPIDER/SPIDER_ws/install/nav2_util/lib:/home/dfolse/repos/SPIDER/SPIDER_ws/install/nav2_msgs/lib:${LD_LIBRARY_PATH} NX_CONNECTION=192.168.1.26 63880 192.168.1.53 4000 PYTHONPATH=/home/dfolse/repos/SPIDER/SPIDER_ws/install/nav2_msgs/lib/python3.8/site-packages:/home/dfolse/repos/SPIDER/SPIDER_ws/install/nav2_common/lib/python3.8/site-packages:${PYTHONPATH} /usr/bin/cmake /home/dfolse/repos/SPIDER/SPIDER_ws/src/navigation2/nav2_behavior_tree -DCMAKE_INSTALL_PREFIX=/home/dfolse/repos/SPIDER/SPIDER_ws/install/nav2_behavior_tree
[0.477s] -- The CXX compiler identification is GNU 9.4.0
[0.490s] -- Check for working CXX compiler: /usr/bin/c++
[0.842s] -- Check for working CXX compiler: /usr/bin/c++ -- works
[0.844s] -- Detecting CXX compiler ABI info
[1.172s] -- Detecting CXX compiler ABI info - done
[1.217s] -- Detecting CXX compile features
[1.217s] -- Detecting CXX compile features - done
[1.218s] -- Found ament_cmake: 0.9.12 (/opt/ros/foxy/share/ament_cmake/cmake)
[1.569s] -- Found PythonInterp: /home/dfolse/.pyenv/shims/python3 (found suitable version "3.8.10", minimum required is "3") 
[1.569s] -- Using PYTHON_EXECUTABLE: /home/dfolse/.pyenv/shims/python3
[2.525s] -- Found nav2_common: 0.4.7 (/home/dfolse/repos/SPIDER/SPIDER_ws/install/nav2_common/share/nav2_common/cmake)
[2.535s] -- Found rclcpp: 2.4.3 (/opt/ros/foxy/share/rclcpp/cmake)
[2.659s] -- Using all available rosidl_typesupport_c: rosidl_typesupport_fastrtps_c;rosidl_typesupport_introspection_c
[2.683s] -- Found rosidl_adapter: 1.3.1 (/opt/ros/foxy/share/rosidl_adapter/cmake)
[3.226s] -- Found OpenSSL: /usr/lib/aarch64-linux-gnu/libcrypto.so (found version "1.1.1f")  
[3.296s] -- Found FastRTPS: /opt/ros/foxy/include  
[3.558s] -- Using all available rosidl_typesupport_cpp: rosidl_typesupport_fastrtps_cpp;rosidl_typesupport_introspection_cpp
[3.712s] -- Found rmw_implementation_cmake: 1.0.4 (/opt/ros/foxy/share/rmw_implementation_cmake/cmake)
[3.720s] -- Using RMW implementation 'rmw_fastrtps_cpp' as default
[3.724s] -- Looking for C++ include pthread.h
[4.143s] -- Looking for C++ include pthread.h - found
[4.144s] -- Performing Test CMAKE_HAVE_LIBC_PTHREAD
[4.465s] -- Performing Test CMAKE_HAVE_LIBC_PTHREAD - Failed
[4.466s] -- Looking for pthread_create in pthreads
[4.788s] -- Looking for pthread_create in pthreads - not found
[4.789s] -- Looking for pthread_create in pthread
[5.126s] -- Looking for pthread_create in pthread - found
[5.130s] -- Found Threads: TRUE  
[5.548s] -- Found rclcpp_action: 2.4.3 (/opt/ros/foxy/share/rclcpp_action/cmake)
[5.721s] -- Found rclcpp_lifecycle: 2.4.3 (/opt/ros/foxy/share/rclcpp_lifecycle/cmake)
[5.798s] -- Found geometry_msgs: 2.0.5 (/opt/ros/foxy/share/geometry_msgs/cmake)
[5.898s] -- Found sensor_msgs: 2.0.5 (/opt/ros/foxy/share/sensor_msgs/cmake)
[6.059s] -- Found nav2_msgs: 0.4.7 (/home/dfolse/repos/SPIDER/SPIDER_ws/install/nav2_msgs/share/nav2_msgs/cmake)
[6.721s] -- Found tf2_ros: 0.13.14 (/opt/ros/foxy/share/tf2_ros/cmake)
[7.512s] -- Found tf2_geometry_msgs: 0.13.14 (/opt/ros/foxy/share/tf2_geometry_msgs/cmake)
[7.560s] -- Found eigen3_cmake_module: 0.1.1 (/opt/ros/foxy/share/eigen3_cmake_module/cmake)
[7.579s] -- Found Eigen3: TRUE (found version "3.3.7") 
[7.680s] -- Found std_srvs: 2.0.5 (/opt/ros/foxy/share/std_srvs/cmake)
[7.700s] -- Found nav2_util: 0.4.7 (/home/dfolse/repos/SPIDER/SPIDER_ws/install/nav2_util/share/nav2_util/cmake)
[7.995s] -- Setting build type to Release as none was specified.
[16.948s] -- Found ament_lint_auto: 0.9.8 (/opt/ros/foxy/share/ament_lint_auto/cmake)
[18.066s] -- Found ament_cmake_gtest: 0.9.12 (/opt/ros/foxy/share/ament_cmake_gtest/cmake)
[18.098s] -- Found gtest sources under '/opt/ros/foxy/src/gtest_vendor': C++ tests using 'Google Test' will be built
[18.373s] -- The C compiler identification is GNU 9.4.0
[18.399s] -- Check for working C compiler: /usr/bin/cc
[18.923s] -- Check for working C compiler: /usr/bin/cc -- works
[18.927s] -- Detecting C compiler ABI info
[19.342s] -- Detecting C compiler ABI info - done
[19.391s] -- Detecting C compile features
[19.400s] -- Detecting C compile features - done
[19.407s] -- Check if compiler accepts -pthread
[19.935s] -- Check if compiler accepts -pthread - yes
[28.315s] -- Added test 'copyright' to check source files copyright and LICENSE
[28.342s] -- Added test 'cppcheck' to perform static code analysis on C / C++ code
[28.346s] -- Configured cppcheck include dirs: /home/dfolse/repos/SPIDER/SPIDER_ws/src/navigation2/nav2_behavior_tree/include
[28.357s] -- Configured cppcheck exclude dirs and/or files: 
[28.382s] -- Added test 'cpplint' to check C / C++ code against the Google style
[28.382s] -- Configured cpplint exclude dirs and/or files: 
[28.387s] -- Added test 'lint_cmake' to check CMake code style
[28.411s] -- Added test 'uncrustify' to check C / C++ code style
[28.411s] -- Configured uncrustify additional arguments: 
[28.418s] -- Added test 'xmllint' to check XML markup files
[28.490s] -- Configuring done
[31.284s] -- Generating done
[31.305s] -- Build files have been written to: /home/dfolse/repos/SPIDER/SPIDER_ws/build/nav2_behavior_tree
[31.435s] Invoked command in '/home/dfolse/repos/SPIDER/SPIDER_ws/build/nav2_behavior_tree' returned '0': AMENT_PREFIX_PATH=/home/dfolse/repos/SPIDER/SPIDER_ws/install/nav2_util:/home/dfolse/repos/SPIDER/SPIDER_ws/install/nav2_msgs:/home/dfolse/repos/SPIDER/SPIDER_ws/install/nav2_common:${AMENT_PREFIX_PATH} CMAKE_PREFIX_PATH=/home/dfolse/repos/SPIDER/SPIDER_ws/install/nav2_util:/home/dfolse/repos/SPIDER/SPIDER_ws/install/nav2_msgs:/home/dfolse/repos/SPIDER/SPIDER_ws/install/nav2_common:/opt/ros/foxy LD_LIBRARY_PATH=/home/dfolse/repos/SPIDER/SPIDER_ws/install/nav2_util/lib:/home/dfolse/repos/SPIDER/SPIDER_ws/install/nav2_msgs/lib:${LD_LIBRARY_PATH} NX_CONNECTION=192.168.1.26 63880 192.168.1.53 4000 PYTHONPATH=/home/dfolse/repos/SPIDER/SPIDER_ws/install/nav2_msgs/lib/python3.8/site-packages:/home/dfolse/repos/SPIDER/SPIDER_ws/install/nav2_common/lib/python3.8/site-packages:${PYTHONPATH} /usr/bin/cmake /home/dfolse/repos/SPIDER/SPIDER_ws/src/navigation2/nav2_behavior_tree -DCMAKE_INSTALL_PREFIX=/home/dfolse/repos/SPIDER/SPIDER_ws/install/nav2_behavior_tree
[31.438s] Invoking command in '/home/dfolse/repos/SPIDER/SPIDER_ws/build/nav2_behavior_tree': AMENT_PREFIX_PATH=/home/dfolse/repos/SPIDER/SPIDER_ws/install/nav2_util:/home/dfolse/repos/SPIDER/SPIDER_ws/install/nav2_msgs:/home/dfolse/repos/SPIDER/SPIDER_ws/install/nav2_common:${AMENT_PREFIX_PATH} CMAKE_PREFIX_PATH=/home/dfolse/repos/SPIDER/SPIDER_ws/install/nav2_util:/home/dfolse/repos/SPIDER/SPIDER_ws/install/nav2_msgs:/home/dfolse/repos/SPIDER/SPIDER_ws/install/nav2_common:/opt/ros/foxy LD_LIBRARY_PATH=/home/dfolse/repos/SPIDER/SPIDER_ws/install/nav2_util/lib:/home/dfolse/repos/SPIDER/SPIDER_ws/install/nav2_msgs/lib:${LD_LIBRARY_PATH} NX_CONNECTION=192.168.1.26 63880 192.168.1.53 4000 PYTHONPATH=/home/dfolse/repos/SPIDER/SPIDER_ws/install/nav2_msgs/lib/python3.8/site-packages:/home/dfolse/repos/SPIDER/SPIDER_ws/install/nav2_common/lib/python3.8/site-packages:${PYTHONPATH} /usr/bin/cmake --build /home/dfolse/repos/SPIDER/SPIDER_ws/build/nav2_behavior_tree
[31.643s] [35m[1mScanning dependencies of target nav2_transform_available_condition_bt_node[0m
[31.863s] [  1%] [32mBuilding CXX object CMakeFiles/nav2_transform_available_condition_bt_node.dir/plugins/condition/transform_available_condition.cpp.o[0m
[45.017s] [  2%] [32m[1mLinking CXX shared library libnav2_transform_available_condition_bt_node.so[0m
[45.499s] [  2%] Built target nav2_transform_available_condition_bt_node
[45.554s] [35m[1mScanning dependencies of target nav2_pipeline_sequence_bt_node[0m
[45.626s] [  3%] [32mBuilding CXX object CMakeFiles/nav2_pipeline_sequence_bt_node.dir/plugins/control/pipeline_sequence.cpp.o[0m
[50.037s] [  4%] [32m[1mLinking CXX shared library libnav2_pipeline_sequence_bt_node.so[0m
[50.398s] [  4%] Built target nav2_pipeline_sequence_bt_node
[50.444s] [35m[1mScanning dependencies of target nav2_wait_action_bt_node[0m
[50.602s] [  5%] [32mBuilding CXX object CMakeFiles/nav2_wait_action_bt_node.dir/plugins/action/wait_action.cpp.o[0m
[66.159s] [  6%] [32m[1mLinking CXX shared library libnav2_wait_action_bt_node.so[0m
[66.746s] [  6%] Built target nav2_wait_action_bt_node
[66.800s] [35m[1mScanning dependencies of target nav2_spin_action_bt_node[0m
[66.960s] [  7%] [32mBuilding CXX object CMakeFiles/nav2_spin_action_bt_node.dir/plugins/action/spin_action.cpp.o[0m
[84.845s] [  8%] [32m[1mLinking CXX shared library libnav2_spin_action_bt_node.so[0m
[85.457s] [  8%] Built target nav2_spin_action_bt_node
[85.523s] [35m[1mScanning dependencies of target nav2_compute_path_to_pose_action_bt_node[0m
[85.722s] [  9%] [32mBuilding CXX object CMakeFiles/nav2_compute_path_to_pose_action_bt_node.dir/plugins/action/compute_path_to_pose_action.cpp.o[0m
[101.726s] [ 10%] [32m[1mLinking CXX shared library libnav2_compute_path_to_pose_action_bt_node.so[0m
[102.168s] [ 10%] Built target nav2_compute_path_to_pose_action_bt_node
[102.203s] [35m[1mScanning dependencies of target nav2_goal_updated_condition_bt_node[0m
[102.257s] [ 11%] [32mBuilding CXX object CMakeFiles/nav2_goal_updated_condition_bt_node.dir/plugins/condition/goal_updated_condition.cpp.o[0m
[106.455s] [ 12%] [32m[1mLinking CXX shared library libnav2_goal_updated_condition_bt_node.so[0m
[106.727s] [ 12%] Built target nav2_goal_updated_condition_bt_node
[106.762s] [35m[1mScanning dependencies of target nav2_is_stuck_condition_bt_node[0m
[106.866s] [ 13%] [32mBuilding CXX object CMakeFiles/nav2_is_stuck_condition_bt_node.dir/plugins/condition/is_stuck_condition.cpp.o[0m
[124.444s] [ 14%] [32m[1mLinking CXX shared library libnav2_is_stuck_condition_bt_node.so[0m
[124.857s] [ 14%] Built target nav2_is_stuck_condition_bt_node
[124.893s] [35m[1mScanning dependencies of target nav2_behavior_tree[0m
[124.987s] [ 15%] [32mBuilding CXX object CMakeFiles/nav2_behavior_tree.dir/src/behavior_tree_engine.cpp.o[0m
[132.240s] [ 16%] [32m[1mLinking CXX shared library libnav2_behavior_tree.so[0m
[132.589s] [ 16%] Built target nav2_behavior_tree
[132.632s] [35m[1mScanning dependencies of target nav2_goal_updater_node_bt_node[0m
[132.731s] [ 17%] [32mBuilding CXX object CMakeFiles/nav2_goal_updater_node_bt_node.dir/plugins/decorator/goal_updater_node.cpp.o[0m
[151.711s] [ 18%] [32m[1mLinking CXX shared library libnav2_goal_updater_node_bt_node.so[0m
[152.140s] [ 18%] Built target nav2_goal_updater_node_bt_node
[152.175s] [35m[1mScanning dependencies of target nav2_follow_path_action_bt_node[0m
[152.291s] [ 19%] [32mBuilding CXX object CMakeFiles/nav2_follow_path_action_bt_node.dir/plugins/action/follow_path_action.cpp.o[0m
[165.546s] [ 20%] [32m[1mLinking CXX shared library libnav2_follow_path_action_bt_node.so[0m
[165.978s] [ 20%] Built target nav2_follow_path_action_bt_node
[166.018s] [35m[1mScanning dependencies of target nav2_goal_reached_condition_bt_node[0m
[166.130s] [ 21%] [32mBuilding CXX object CMakeFiles/nav2_goal_reached_condition_bt_node.dir/plugins/condition/goal_reached_condition.cpp.o[0m
[176.301s] [ 22%] [32m[1mLinking CXX shared library libnav2_goal_reached_condition_bt_node.so[0m
[176.668s] [ 22%] Built target nav2_goal_reached_condition_bt_node
[176.711s] [35m[1mScanning dependencies of target nav2_initial_pose_received_condition_bt_node[0m
[176.755s] [ 23%] [32mBuilding CXX object CMakeFiles/nav2_initial_pose_received_condition_bt_node.dir/plugins/condition/initial_pose_received_condition.cpp.o[0m
[180.557s] [ 24%] [32m[1mLinking CXX shared library libnav2_initial_pose_received_condition_bt_node.so[0m
[180.819s] [ 24%] Built target nav2_initial_pose_received_condition_bt_node
[180.855s] [35m[1mScanning dependencies of target nav2_time_expired_condition_bt_node[0m
[180.948s] [ 25%] [32mBuilding CXX object CMakeFiles/nav2_time_expired_condition_bt_node.dir/plugins/condition/time_expired_condition.cpp.o[0m
[189.124s] [ 26%] [32m[1mLinking CXX shared library libnav2_time_expired_condition_bt_node.so[0m
[189.460s] [ 26%] Built target nav2_time_expired_condition_bt_node
[189.497s] [35m[1mScanning dependencies of target nav2_distance_traveled_condition_bt_node[0m
[189.604s] [ 27%] [32mBuilding CXX object CMakeFiles/nav2_distance_traveled_condition_bt_node.dir/plugins/condition/distance_traveled_condition.cpp.o[0m
[199.605s] [ 28%] [32m[1mLinking CXX shared library libnav2_distance_traveled_condition_bt_node.so[0m
[199.980s] [ 28%] Built target nav2_distance_traveled_condition_bt_node
[200.014s] [35m[1mScanning dependencies of target nav2_is_battery_low_condition_bt_node[0m
[200.112s] [ 29%] [32mBuilding CXX object CMakeFiles/nav2_is_battery_low_condition_bt_node.dir/plugins/condition/is_battery_low_condition.cpp.o[0m
[217.801s] [ 30%] [32m[1mLinking CXX shared library libnav2_is_battery_low_condition_bt_node.so[0m
[218.192s] [ 30%] Built target nav2_is_battery_low_condition_bt_node
[218.233s] [35m[1mScanning dependencies of target nav2_reinitialize_global_localization_service_bt_node[0m
[218.331s] [ 31%] [32mBuilding CXX object CMakeFiles/nav2_reinitialize_global_localization_service_bt_node.dir/plugins/action/reinitialize_global_localization_service.cpp.o[0m
[228.730s] [ 32%] [32m[1mLinking CXX shared library libnav2_reinitialize_global_localization_service_bt_node.so[0m
[229.109s] [ 32%] Built target nav2_reinitialize_global_localization_service_bt_node
[229.141s] [35m[1mScanning dependencies of target nav2_rate_controller_bt_node[0m
[229.187s] [ 33%] [32mBuilding CXX object CMakeFiles/nav2_rate_controller_bt_node.dir/plugins/decorator/rate_controller.cpp.o[0m
[234.025s] [ 34%] [32m[1mLinking CXX shared library libnav2_rate_controller_bt_node.so[0m
[234.282s] [ 34%] Built target nav2_rate_controller_bt_node
[234.317s] [35m[1mScanning dependencies of target nav2_distance_controller_bt_node[0m
[234.422s] [ 35%] [32mBuilding CXX object CMakeFiles/nav2_distance_controller_bt_node.dir/plugins/decorator/distance_controller.cpp.o[0m
[244.510s] [ 36%] [32m[1mLinking CXX shared library libnav2_distance_controller_bt_node.so[0m
[244.884s] [ 36%] Built target nav2_distance_controller_bt_node
[244.921s] [35m[1mScanning dependencies of target nav2_round_robin_node_bt_node[0m
[244.964s] [ 37%] [32mBuilding CXX object CMakeFiles/nav2_round_robin_node_bt_node.dir/plugins/control/round_robin_node.cpp.o[0m
[248.501s] [ 38%] [32m[1mLinking CXX shared library libnav2_round_robin_node_bt_node.so[0m
[248.772s] [ 38%] Built target nav2_round_robin_node_bt_node
[248.805s] [35m[1mScanning dependencies of target nav2_clear_costmap_service_bt_node[0m
[248.902s] [ 39%] [32mBuilding CXX object CMakeFiles/nav2_clear_costmap_service_bt_node.dir/plugins/action/clear_costmap_service.cpp.o[0m
[259.212s] [ 40%] [32m[1mLinking CXX shared library libnav2_clear_costmap_service_bt_node.so[0m
[259.594s] [ 40%] Built target nav2_clear_costmap_service_bt_node
[259.631s] [35m[1mScanning dependencies of target nav2_speed_controller_bt_node[0m
[259.744s] [ 41%] [32mBuilding CXX object CMakeFiles/nav2_speed_controller_bt_node.dir/plugins/decorator/speed_controller.cpp.o[0m
[269.872s] [ 42%] [32m[1mLinking CXX shared library libnav2_speed_controller_bt_node.so[0m
[270.256s] [ 42%] Built target nav2_speed_controller_bt_node
[270.292s] [35m[1mScanning dependencies of target nav2_truncate_path_action_bt_node[0m
[270.398s] [ 43%] [32mBuilding CXX object CMakeFiles/nav2_truncate_path_action_bt_node.dir/plugins/action/truncate_path_action.cpp.o[0m
[280.411s] [ 44%] [32m[1mLinking CXX shared library libnav2_truncate_path_action_bt_node.so[0m
[280.774s] [ 44%] Built target nav2_truncate_path_action_bt_node
[280.808s] [35m[1mScanning dependencies of target nav2_navigate_to_pose_action_bt_node[0m
[280.916s] [ 45%] [32mBuilding CXX object CMakeFiles/nav2_navigate_to_pose_action_bt_node.dir/plugins/action/navigate_to_pose_action.cpp.o[0m
[293.875s] [ 46%] [32m[1mLinking CXX shared library libnav2_navigate_to_pose_action_bt_node.so[0m
[294.285s] [ 46%] Built target nav2_navigate_to_pose_action_bt_node
[294.323s] [35m[1mScanning dependencies of target nav2_back_up_action_bt_node[0m
[294.429s] [ 47%] [32mBuilding CXX object CMakeFiles/nav2_back_up_action_bt_node.dir/plugins/action/back_up_action.cpp.o[0m
[307.590s] [ 48%] [32m[1mLinking CXX shared library libnav2_back_up_action_bt_node.so[0m
[307.990s] [ 48%] Built target nav2_back_up_action_bt_node
[308.022s] [35m[1mScanning dependencies of target nav2_recovery_node_bt_node[0m
[308.065s] [ 50%] [32mBuilding CXX object CMakeFiles/nav2_recovery_node_bt_node.dir/plugins/control/recovery_node.cpp.o[0m
[312.976s] [ 51%] [32m[1mLinking CXX shared library libnav2_recovery_node_bt_node.so[0m
[313.240s] [ 51%] Built target nav2_recovery_node_bt_node
[313.274s] [35m[1mScanning dependencies of target gtest[0m
[313.323s] [ 52%] [32mBuilding CXX object gtest/CMakeFiles/gtest.dir/src/gtest-all.cc.o[0m
[330.052s] [ 53%] [32m[1mLinking CXX static library libgtest.a[0m
[330.163s] [ 53%] Built target gtest
[330.195s] [35m[1mScanning dependencies of target gtest_main[0m
[330.238s] [ 54%] [32mBuilding CXX object gtest/CMakeFiles/gtest_main.dir/src/gtest_main.cc.o[0m
[331.860s] [ 55%] [32m[1mLinking CXX static library libgtest_main.a[0m
[331.964s] [ 55%] Built target gtest_main
[331.998s] [35m[1mScanning dependencies of target test_bt_conversions[0m
[332.055s] [ 56%] [32mBuilding CXX object test/CMakeFiles/test_bt_conversions.dir/test_bt_conversions.cpp.o[0m
[339.583s] [ 57%] [32m[1mLinking CXX executable test_bt_conversions[0m
[339.961s] [ 57%] Built target test_bt_conversions
[339.994s] [35m[1mScanning dependencies of target test_condition_distance_traveled[0m
[340.120s] [ 58%] [32mBuilding CXX object test/plugins/condition/CMakeFiles/test_condition_distance_traveled.dir/test_distance_traveled.cpp.o[0m
[349.668s] make[2]: *** [test/plugins/condition/CMakeFiles/test_condition_distance_traveled.dir/build.make:63: test/plugins/condition/CMakeFiles/test_condition_distance_traveled.dir/test_distance_traveled.cpp.o] Interrupt
[349.668s] make[1]: *** [CMakeFiles/Makefile2:1098: test/plugins/condition/CMakeFiles/test_condition_distance_traveled.dir/all] Interrupt
[349.671s] make: *** [Makefile:141: all] Interrupt
