-- The CXX compiler identification is GNU 9.4.0
-- The C compiler identification is GNU 9.4.0
-- Check for working CXX compiler: /usr/bin/c++
-- Check for working CXX compiler: /usr/bin/c++ -- works
-- Detecting CXX compiler ABI info
-- Detecting CXX compiler ABI info - done
-- Detecting CXX compile features
-- Detecting CXX compile features - done
-- Check for working C compiler: /usr/bin/cc
-- Check for working C compiler: /usr/bin/cc -- works
-- Detecting C compiler ABI info
-- Detecting C compiler ABI info - done
-- Detecting C compile features
-- Detecting C compile features - done
-- Found ament_cmake_auto: 0.9.12 (/opt/ros/foxy/share/ament_cmake_auto/cmake)
-- Found PythonInterp: /home/dfolse/.pyenv/shims/python3 (found suitable version "3.8.10", minimum required is "3") 
-- Using PYTHON_EXECUTABLE: /home/dfolse/.pyenv/shims/python3
-- Using all available rosidl_typesupport_c: rosidl_typesupport_fastrtps_c;rosidl_typesupport_introspection_c
-- Found rosidl_adapter: 1.3.1 (/opt/ros/foxy/share/rosidl_adapter/cmake)
-- Found OpenSSL: /usr/lib/aarch64-linux-gnu/libcrypto.so (found version "1.1.1f")  
-- Found FastRTPS: /opt/ros/foxy/include  
-- Using all available rosidl_typesupport_cpp: rosidl_typesupport_fastrtps_cpp;rosidl_typesupport_introspection_cpp
-- Found rmw_implementation_cmake: 1.0.4 (/opt/ros/foxy/share/rmw_implementation_cmake/cmake)
-- Using RMW implementation 'rmw_fastrtps_cpp' as default
-- Looking for pthread.h
-- Looking for pthread.h - found
-- Performing Test CMAKE_HAVE_LIBC_PTHREAD
-- Performing Test CMAKE_HAVE_LIBC_PTHREAD - Failed
-- Looking for pthread_create in pthreads
-- Looking for pthread_create in pthreads - not found
-- Looking for pthread_create in pthread
-- Looking for pthread_create in pthread - found
-- Found Threads: TRUE  
-- Configuring done
-- Generating done
-- Build files have been written to: /home/dfolse/repos/SPIDER/SPIDER_ws/build/depthai_filters
[35m[1mScanning dependencies of target depthai_filters[0m
[ 12%] [32mBuilding CXX object CMakeFiles/depthai_filters.dir/src/segmentation_overlay.cpp.o[0m
[ 25%] [32mBuilding CXX object CMakeFiles/depthai_filters.dir/src/detection2d_overlay.cpp.o[0m
[ 37%] [32mBuilding CXX object CMakeFiles/depthai_filters.dir/src/features_3d.cpp.o[0m
[ 50%] [32mBuilding CXX object CMakeFiles/depthai_filters.dir/src/feature_tracker_overlay.cpp.o[0m
[ 62%] [32mBuilding CXX object CMakeFiles/depthai_filters.dir/src/wls_filter.cpp.o[0m
In file included from [01m[K/home/dfolse/repos/SPIDER/SPIDER_ws/src/luxonis/depthai-ros/depthai_filters/src/wls_filter.cpp:1[m[K:
[01m[K/home/dfolse/repos/SPIDER/SPIDER_ws/src/luxonis/depthai-ros/depthai_filters/include/depthai_filters/wls_filter.hpp:8:10:[m[K [01;31m[Kfatal error: [m[Kopencv2/ximgproc/disparity_filter.hpp: No such file or directory
    8 | #include [01;31m[K"opencv2/ximgproc/disparity_filter.hpp"[m[K
      |          [01;31m[K^~~~~~~~~~~~~~~~~~~~~~~~~~~~~~~~~~~~~~~[m[K
compilation terminated.
make[2]: *** [CMakeFiles/depthai_filters.dir/build.make:102: CMakeFiles/depthai_filters.dir/src/wls_filter.cpp.o] Error 1
make[2]: *** Waiting for unfinished jobs....
[01m[K/home/dfolse/repos/SPIDER/SPIDER_ws/src/luxonis/depthai-ros/depthai_filters/src/segmentation_overlay.cpp:37:70:[m[K [01;35m[Kwarning: [m[Kextra â€˜[01m[K;[m[Kâ€™ [[01;35m[K-Wpedantic[m[K]
   37 | RCLCPP_COMPONENTS_REGISTER_NODE(depthai_filters::SegmentationOverlay)[01;35m[K;[m[K
      |                                                                      [01;35m[K^[m[K
[01m[K/home/dfolse/repos/SPIDER/SPIDER_ws/src/luxonis/depthai-ros/depthai_filters/src/detection2d_overlay.cpp:[m[K In member function â€˜[01m[Kvoid depthai_filters::Detection2DOverlay::overlayCB(const ConstSharedPtr&, const ConstSharedPtr&)[m[Kâ€™:
[01m[K/home/dfolse/repos/SPIDER/SPIDER_ws/src/luxonis/depthai-ros/depthai_filters/src/detection2d_overlay.cpp:27:41:[m[K [01;31m[Kerror: [m[Kâ€˜[01m[Kconst _center_type[m[Kâ€™ {aka â€˜[01m[Kconst struct geometry_msgs::msg::Pose2D_<std::allocator<void> >[m[Kâ€™} has no member named â€˜[01m[Kposition[m[Kâ€™
   27 |         auto x1 = detection.bbox.center.[01;31m[Kposition[m[K.x - detections->detections[0].bbox.size_x / 2.0;
      |                                         [01;31m[K^~~~~~~~[m[K
[01m[K/home/dfolse/repos/SPIDER/SPIDER_ws/src/luxonis/depthai-ros/depthai_filters/src/detection2d_overlay.cpp:28:41:[m[K [01;31m[Kerror: [m[Kâ€˜[01m[Kconst _center_type[m[Kâ€™ {aka â€˜[01m[Kconst struct geometry_msgs::msg::Pose2D_<std::allocator<void> >[m[Kâ€™} has no member named â€˜[01m[Kposition[m[Kâ€™
   28 |         auto x2 = detection.bbox.center.[01;31m[Kposition[m[K.x + detections->detections[0].bbox.size_x / 2.0;
      |                                         [01;31m[K^~~~~~~~[m[K
[01m[K/home/dfolse/repos/SPIDER/SPIDER_ws/src/luxonis/depthai-ros/depthai_filters/src/detection2d_overlay.cpp:29:41:[m[K [01;31m[Kerror: [m[Kâ€˜[01m[Kconst _center_type[m[Kâ€™ {aka â€˜[01m[Kconst struct geometry_msgs::msg::Pose2D_<std::allocator<void> >[m[Kâ€™} has no member named â€˜[01m[Kposition[m[Kâ€™
   29 |         auto y1 = detection.bbox.center.[01;31m[Kposition[m[K.y - detections->detections[0].bbox.size_y / 2.0;
      |                                         [01;31m[K^~~~~~~~[m[K
[01m[K/home/dfolse/repos/SPIDER/SPIDER_ws/src/luxonis/depthai-ros/depthai_filters/src/detection2d_overlay.cpp:30:41:[m[K [01;31m[Kerror: [m[Kâ€˜[01m[Kconst _center_type[m[Kâ€™ {aka â€˜[01m[Kconst struct geometry_msgs::msg::Pose2D_<std::allocator<void> >[m[Kâ€™} has no member named â€˜[01m[Kposition[m[Kâ€™
   30 |         auto y2 = detection.bbox.center.[01;31m[Kposition[m[K.y + detections->detections[0].bbox.size_y / 2.0;
      |                                         [01;31m[K^~~~~~~~[m[K
[01m[K/home/dfolse/repos/SPIDER/SPIDER_ws/src/luxonis/depthai-ros/depthai_filters/src/detection2d_overlay.cpp:31:60:[m[K [01;31m[Kerror: [m[Kâ€˜[01m[Kconst value_type[m[Kâ€™ {aka â€˜[01m[Kconst struct vision_msgs::msg::ObjectHypothesisWithPose_<std::allocator<void> >[m[Kâ€™} has no member named â€˜[01m[Khypothesis[m[Kâ€™
   31 |         auto labelStr = labelMap[stoi(detection.results[0].[01;31m[Khypothesis[m[K.class_id)];
      |                                                            [01;31m[K^~~~~~~~~~[m[K
[01m[K/home/dfolse/repos/SPIDER/SPIDER_ws/src/luxonis/depthai-ros/depthai_filters/src/detection2d_overlay.cpp:31:34:[m[K [01;31m[Kerror: [m[Kâ€˜[01m[Kstoi[m[Kâ€™ was not declared in this scope; did you mean â€˜[01m[Kstd::__cxx11::stoi[m[Kâ€™?
   31 |         auto labelStr = labelMap[[01;31m[Kstoi[m[K(detection.results[0].hypothesis.class_id)];
      |                                  [01;31m[K^~~~[m[K
      |                                  [32m[Kstd::__cxx11::stoi[m[K
In file included from [01m[K/usr/include/c++/9/string:55[m[K,
                 from [01m[K/usr/include/c++/9/stdexcept:39[m[K,
                 from [01m[K/usr/include/c++/9/array:39[m[K,
                 from [01m[K/usr/include/c++/9/tuple:39[m[K,
                 from [01m[K/usr/include/c++/9/bits/unique_ptr.h:37[m[K,
                 from [01m[K/usr/include/c++/9/memory:80[m[K,
                 from [01m[K/opt/ros/foxy/include/rclcpp/rclcpp.hpp:144[m[K,
                 from [01m[K/opt/ros/foxy/include/message_filters/subscriber.h:38[m[K,
                 from [01m[K/home/dfolse/repos/SPIDER/SPIDER_ws/src/luxonis/depthai-ros/depthai_filters/include/depthai_filters/detection2d_overlay.hpp:3[m[K,
                 from [01m[K/home/dfolse/repos/SPIDER/SPIDER_ws/src/luxonis/depthai-ros/depthai_filters/src/detection2d_overlay.cpp:1[m[K:
[01m[K/usr/include/c++/9/bits/basic_string.h:6612:3:[m[K [01;36m[Knote: [m[Kâ€˜[01m[Kstd::__cxx11::stoi[m[Kâ€™ declared here
 6612 |   [01;36m[Kstoi[m[K(const wstring& __str, size_t* __idx = 0, int __base = 10)
      |   [01;36m[K^~~~[m[K
[01m[K/home/dfolse/repos/SPIDER/SPIDER_ws/src/luxonis/depthai-ros/depthai_filters/src/detection2d_overlay.cpp:32:48:[m[K [01;31m[Kerror: [m[Kâ€˜[01m[Kconst value_type[m[Kâ€™ {aka â€˜[01m[Kconst struct vision_msgs::msg::ObjectHypothesisWithPose_<std::allocator<void> >[m[Kâ€™} has no member named â€˜[01m[Khypothesis[m[Kâ€™
   32 |         auto confidence = detection.results[0].[01;31m[Khypothesis[m[K.score;
      |                                                [01;31m[K^~~~~~~~~~[m[K
[01m[K/home/dfolse/repos/SPIDER/SPIDER_ws/src/luxonis/depthai-ros/depthai_filters/src/detection2d_overlay.cpp:35:39:[m[K [01;31m[Kerror: [m[Kâ€˜[01m[Ksetprecision[m[Kâ€™ is not a member of â€˜[01m[Kstd[m[Kâ€™
   35 |         confStr << std::fixed << std::[01;31m[Ksetprecision[m[K(2) << confidence * 100;
      |                                       [01;31m[K^~~~~~~~~~~~[m[K
[01m[K/home/dfolse/repos/SPIDER/SPIDER_ws/src/luxonis/depthai-ros/depthai_filters/src/detection2d_overlay.cpp:[m[K At global scope:
[01m[K/home/dfolse/repos/SPIDER/SPIDER_ws/src/luxonis/depthai-ros/depthai_filters/src/detection2d_overlay.cpp:47:69:[m[K [01;35m[Kwarning: [m[Kextra â€˜[01m[K;[m[Kâ€™ [[01;35m[K-Wpedantic[m[K]
   47 | RCLCPP_COMPONENTS_REGISTER_NODE(depthai_filters::Detection2DOverlay)[01;35m[K;[m[K
      |                                                                     [01;35m[K^[m[K
In file included from [01m[K/home/dfolse/repos/SPIDER/SPIDER_ws/src/luxonis/depthai-ros/depthai_filters/src/feature_tracker_overlay.cpp:1[m[K:
[01m[K/home/dfolse/repos/SPIDER/SPIDER_ws/src/luxonis/depthai-ros/depthai_filters/include/depthai_filters/feature_tracker_overlay.hpp:42:10:[m[K [01;31m[Kerror: [m[Kâ€˜[01m[Kunordered_set[m[Kâ€™ in namespace â€˜[01m[Kstd[m[Kâ€™ does not name a template type
   42 |     std::[01;31m[Kunordered_set[m[K<featureIdType> trackedIDs;
      |          [01;31m[K^~~~~~~~~~~~~[m[K
In file included from [01m[K/home/dfolse/repos/SPIDER/SPIDER_ws/src/luxonis/depthai-ros/depthai_filters/src/feature_tracker_overlay.cpp:1[m[K:
[01m[K/home/dfolse/repos/SPIDER/SPIDER_ws/src/luxonis/depthai-ros/depthai_filters/include/depthai_filters/feature_tracker_overlay.hpp:8:1:[m[K [01;36m[Knote: [m[Kâ€˜[01m[Kstd::unordered_set[m[Kâ€™ is defined in header â€˜[01m[K<unordered_set>[m[Kâ€™; did you forget to â€˜[01m[K#include <unordered_set>[m[Kâ€™?
    7 | #include "message_filters/sync_policies/approximate_time.h"
  +++ |+[32m[K#include <unordered_set>[m[K
    8 | #include "message_filters/synchronizer.h"
[01m[K/home/dfolse/repos/SPIDER/SPIDER_ws/src/luxonis/depthai-ros/depthai_filters/src/features_3d.cpp:69:61:[m[K [01;35m[Kwarning: [m[Kextra â€˜[01m[K;[m[Kâ€™ [[01;35m[K-Wpedantic[m[K]
   69 | RCLCPP_COMPONENTS_REGISTER_NODE(depthai_filters::Features3D)[01;35m[K;[m[K
      |                                                             [01;35m[K^[m[K
[01m[K/home/dfolse/repos/SPIDER/SPIDER_ws/src/luxonis/depthai-ros/depthai_filters/src/feature_tracker_overlay.cpp:[m[K In member function â€˜[01m[Kvoid depthai_filters::FeatureTrackerOverlay::trackFeaturePath(std::vector<depthai_ros_msgs::msg::TrackedFeature_<std::allocator<void> >, std::allocator<depthai_ros_msgs::msg::TrackedFeature_<std::allocator<void> > > >&)[m[Kâ€™:
[01m[K/home/dfolse/repos/SPIDER/SPIDER_ws/src/luxonis/depthai-ros/depthai_filters/src/feature_tracker_overlay.cpp:32:10:[m[K [01;31m[Kerror: [m[Kâ€˜[01m[Kunordered_set[m[Kâ€™ is not a member of â€˜[01m[Kstd[m[Kâ€™
   32 |     std::[01;31m[Kunordered_set[m[K<featureIdType> newTrackedIDs;
      |          [01;31m[K^~~~~~~~~~~~~[m[K
[01m[K/home/dfolse/repos/SPIDER/SPIDER_ws/src/luxonis/depthai-ros/depthai_filters/src/feature_tracker_overlay.cpp:5:1:[m[K [01;36m[Knote: [m[Kâ€˜[01m[Kstd::unordered_set[m[Kâ€™ is defined in header â€˜[01m[K<unordered_set>[m[Kâ€™; did you forget to â€˜[01m[K#include <unordered_set>[m[Kâ€™?
    4 | #include "depthai_filters/utils.hpp"
  +++ |+[32m[K#include <unordered_set>[m[K
    5 | 
[01m[K/home/dfolse/repos/SPIDER/SPIDER_ws/src/luxonis/depthai-ros/depthai_filters/src/feature_tracker_overlay.cpp:32:37:[m[K [01;31m[Kerror: [m[Kexpected primary-expression before â€˜[01m[K>[m[Kâ€™ token
   32 |     std::unordered_set<featureIdType[01;31m[K>[m[K newTrackedIDs;
      |                                     [01;31m[K^[m[K
[01m[K/home/dfolse/repos/SPIDER/SPIDER_ws/src/luxonis/depthai-ros/depthai_filters/src/feature_tracker_overlay.cpp:32:39:[m[K [01;31m[Kerror: [m[Kâ€˜[01m[KnewTrackedIDs[m[Kâ€™ was not declared in this scope
   32 |     std::unordered_set<featureIdType> [01;31m[KnewTrackedIDs[m[K;
      |                                       [01;31m[K^~~~~~~~~~~~~[m[K
[01m[K/home/dfolse/repos/SPIDER/SPIDER_ws/src/luxonis/depthai-ros/depthai_filters/src/feature_tracker_overlay.cpp:48:10:[m[K [01;31m[Kerror: [m[Kâ€˜[01m[Kunordered_set[m[Kâ€™ is not a member of â€˜[01m[Kstd[m[Kâ€™
   48 |     std::[01;31m[Kunordered_set[m[K<featureIdType> featuresToRemove;
      |          [01;31m[K^~~~~~~~~~~~~[m[K
[01m[K/home/dfolse/repos/SPIDER/SPIDER_ws/src/luxonis/depthai-ros/depthai_filters/src/feature_tracker_overlay.cpp:48:10:[m[K [01;36m[Knote: [m[Kâ€˜[01m[Kstd::unordered_set[m[Kâ€™ is defined in header â€˜[01m[K<unordered_set>[m[Kâ€™; did you forget to â€˜[01m[K#include <unordered_set>[m[Kâ€™?
[01m[K/home/dfolse/repos/SPIDER/SPIDER_ws/src/luxonis/depthai-ros/depthai_filters/src/feature_tracker_overlay.cpp:48:37:[m[K [01;31m[Kerror: [m[Kexpected primary-expression before â€˜[01m[K>[m[Kâ€™ token
   48 |     std::unordered_set<featureIdType[01;31m[K>[m[K featuresToRemove;
      |                                     [01;31m[K^[m[K
[01m[K/home/dfolse/repos/SPIDER/SPIDER_ws/src/luxonis/depthai-ros/depthai_filters/src/feature_tracker_overlay.cpp:48:39:[m[K [01;31m[Kerror: [m[Kâ€˜[01m[KfeaturesToRemove[m[Kâ€™ was not declared in this scope
   48 |     std::unordered_set<featureIdType> [01;31m[KfeaturesToRemove[m[K;
      |                                       [01;31m[K^~~~~~~~~~~~~~~~[m[K
[01m[K/home/dfolse/repos/SPIDER/SPIDER_ws/src/luxonis/depthai-ros/depthai_filters/src/feature_tracker_overlay.cpp:49:23:[m[K [01;31m[Kerror: [m[Kâ€˜[01m[KtrackedIDs[m[Kâ€™ was not declared in this scope
   49 |     for(auto& oldId : [01;31m[KtrackedIDs[m[K) {
      |                       [01;31m[K^~~~~~~~~~[m[K
[01m[K/home/dfolse/repos/SPIDER/SPIDER_ws/src/luxonis/depthai-ros/depthai_filters/src/feature_tracker_overlay.cpp:59:5:[m[K [01;31m[Kerror: [m[Kâ€˜[01m[KtrackedIDs[m[Kâ€™ was not declared in this scope
   59 |     [01;31m[KtrackedIDs[m[K = newTrackedIDs;
      |     [01;31m[K^~~~~~~~~~[m[K
[01m[K/home/dfolse/repos/SPIDER/SPIDER_ws/src/luxonis/depthai-ros/depthai_filters/src/feature_tracker_overlay.cpp:[m[K At global scope:
[01m[K/home/dfolse/repos/SPIDER/SPIDER_ws/src/luxonis/depthai-ros/depthai_filters/src/feature_tracker_overlay.cpp:76:72:[m[K [01;35m[Kwarning: [m[Kextra â€˜[01m[K;[m[Kâ€™ [[01;35m[K-Wpedantic[m[K]
   76 | RCLCPP_COMPONENTS_REGISTER_NODE(depthai_filters::FeatureTrackerOverlay)[01;35m[K;[m[K
      |                                                                        [01;35m[K^[m[K
make[2]: *** [CMakeFiles/depthai_filters.dir/build.make:63: CMakeFiles/depthai_filters.dir/src/detection2d_overlay.cpp.o] Error 1
make[2]: *** [CMakeFiles/depthai_filters.dir/build.make:115: CMakeFiles/depthai_filters.dir/src/feature_tracker_overlay.cpp.o] Error 1
make[1]: *** [CMakeFiles/Makefile2:78: CMakeFiles/depthai_filters.dir/all] Error 2
make: *** [Makefile:141: all] Error 2
