[0.447s] Invoking command in '/home/dfolse/repos/SPIDER/SPIDER_ws/build/depthai_filters': AMENT_PREFIX_PATH=/home/dfolse/repos/SPIDER/SPIDER_ws/install/depthai_ros_msgs:${AMENT_PREFIX_PATH} CMAKE_PREFIX_PATH=/home/dfolse/repos/SPIDER/SPIDER_ws/install/depthai_ros_msgs:/home/dfolse/repos/SPIDER/SPIDER_ws/install/locomotion:/home/dfolse/repos/SPIDER/SPIDER_ws/install/spider_interfaces:/home/dfolse/repos/SPIDER/SPIDER_ws/install/spider_nav:/home/dfolse/repos/SPIDER/SPIDER_ws/install/oak_d_lite:/home/dfolse/repos/SPIDER/SPIDER_ws/install/nav2_gazebo_spawner:/home/dfolse/repos/SPIDER/SPIDER_ws/install/data_transfer:/opt/ros/foxy:/home/dfolse/repos/SPIDER/SPIDER_ws/install/spider_description:/home/dfolse/repos/SPIDER/SPIDER_ws/install/nav2_common LD_LIBRARY_PATH=/home/dfolse/repos/SPIDER/SPIDER_ws/install/depthai_ros_msgs/lib:${LD_LIBRARY_PATH} NX_CONNECTION=192.168.1.26 58481 192.168.1.53 4000 PYTHONPATH=/home/dfolse/repos/SPIDER/SPIDER_ws/install/depthai_ros_msgs/lib/python3.8/site-packages:${PYTHONPATH} /usr/bin/cmake /home/dfolse/repos/SPIDER/SPIDER_ws/src/luxonis/depthai-ros/depthai_filters -DCMAKE_INSTALL_PREFIX=/home/dfolse/repos/SPIDER/SPIDER_ws/install/depthai_filters
[0.633s] -- The CXX compiler identification is GNU 9.4.0
[0.751s] -- The C compiler identification is GNU 9.4.0
[0.760s] -- Check for working CXX compiler: /usr/bin/c++
[0.975s] -- Check for working CXX compiler: /usr/bin/c++ -- works
[0.976s] -- Detecting CXX compiler ABI info
[1.208s] -- Detecting CXX compiler ABI info - done
[1.230s] -- Detecting CXX compile features
[1.230s] -- Detecting CXX compile features - done
[1.239s] -- Check for working C compiler: /usr/bin/cc
[1.435s] -- Check for working C compiler: /usr/bin/cc -- works
[1.438s] -- Detecting C compiler ABI info
[1.639s] -- Detecting C compiler ABI info - done
[1.659s] -- Detecting C compile features
[1.659s] -- Detecting C compile features - done
[1.666s] -- Found ament_cmake_auto: 0.9.12 (/opt/ros/foxy/share/ament_cmake_auto/cmake)
[1.921s] -- Found PythonInterp: /home/dfolse/.pyenv/shims/python3 (found suitable version "3.8.10", minimum required is "3") 
[1.921s] -- Using PYTHON_EXECUTABLE: /home/dfolse/.pyenv/shims/python3
[3.042s] -- Using all available rosidl_typesupport_c: rosidl_typesupport_fastrtps_c;rosidl_typesupport_introspection_c
[3.061s] -- Found rosidl_adapter: 1.3.1 (/opt/ros/foxy/share/rosidl_adapter/cmake)
[3.355s] -- Found OpenSSL: /usr/lib/aarch64-linux-gnu/libcrypto.so (found version "1.1.1f")  
[3.433s] -- Found FastRTPS: /opt/ros/foxy/include  
[3.624s] -- Using all available rosidl_typesupport_cpp: rosidl_typesupport_fastrtps_cpp;rosidl_typesupport_introspection_cpp
[4.060s] -- Found rmw_implementation_cmake: 1.0.4 (/opt/ros/foxy/share/rmw_implementation_cmake/cmake)
[4.063s] -- Using RMW implementation 'rmw_fastrtps_cpp' as default
[4.065s] -- Looking for pthread.h
[4.278s] -- Looking for pthread.h - found
[4.278s] -- Performing Test CMAKE_HAVE_LIBC_PTHREAD
[4.503s] -- Performing Test CMAKE_HAVE_LIBC_PTHREAD - Failed
[4.504s] -- Looking for pthread_create in pthreads
[4.682s] -- Looking for pthread_create in pthreads - not found
[4.682s] -- Looking for pthread_create in pthread
[4.886s] -- Looking for pthread_create in pthread - found
[4.888s] -- Found Threads: TRUE  
[6.334s] -- Configuring done
[6.377s] -- Generating done
[6.380s] -- Build files have been written to: /home/dfolse/repos/SPIDER/SPIDER_ws/build/depthai_filters
[6.420s] Invoked command in '/home/dfolse/repos/SPIDER/SPIDER_ws/build/depthai_filters' returned '0': AMENT_PREFIX_PATH=/home/dfolse/repos/SPIDER/SPIDER_ws/install/depthai_ros_msgs:${AMENT_PREFIX_PATH} CMAKE_PREFIX_PATH=/home/dfolse/repos/SPIDER/SPIDER_ws/install/depthai_ros_msgs:/home/dfolse/repos/SPIDER/SPIDER_ws/install/locomotion:/home/dfolse/repos/SPIDER/SPIDER_ws/install/spider_interfaces:/home/dfolse/repos/SPIDER/SPIDER_ws/install/spider_nav:/home/dfolse/repos/SPIDER/SPIDER_ws/install/oak_d_lite:/home/dfolse/repos/SPIDER/SPIDER_ws/install/nav2_gazebo_spawner:/home/dfolse/repos/SPIDER/SPIDER_ws/install/data_transfer:/opt/ros/foxy:/home/dfolse/repos/SPIDER/SPIDER_ws/install/spider_description:/home/dfolse/repos/SPIDER/SPIDER_ws/install/nav2_common LD_LIBRARY_PATH=/home/dfolse/repos/SPIDER/SPIDER_ws/install/depthai_ros_msgs/lib:${LD_LIBRARY_PATH} NX_CONNECTION=192.168.1.26 58481 192.168.1.53 4000 PYTHONPATH=/home/dfolse/repos/SPIDER/SPIDER_ws/install/depthai_ros_msgs/lib/python3.8/site-packages:${PYTHONPATH} /usr/bin/cmake /home/dfolse/repos/SPIDER/SPIDER_ws/src/luxonis/depthai-ros/depthai_filters -DCMAKE_INSTALL_PREFIX=/home/dfolse/repos/SPIDER/SPIDER_ws/install/depthai_filters
[6.422s] Invoking command in '/home/dfolse/repos/SPIDER/SPIDER_ws/build/depthai_filters': AMENT_PREFIX_PATH=/home/dfolse/repos/SPIDER/SPIDER_ws/install/depthai_ros_msgs:${AMENT_PREFIX_PATH} CMAKE_PREFIX_PATH=/home/dfolse/repos/SPIDER/SPIDER_ws/install/depthai_ros_msgs:/home/dfolse/repos/SPIDER/SPIDER_ws/install/locomotion:/home/dfolse/repos/SPIDER/SPIDER_ws/install/spider_interfaces:/home/dfolse/repos/SPIDER/SPIDER_ws/install/spider_nav:/home/dfolse/repos/SPIDER/SPIDER_ws/install/oak_d_lite:/home/dfolse/repos/SPIDER/SPIDER_ws/install/nav2_gazebo_spawner:/home/dfolse/repos/SPIDER/SPIDER_ws/install/data_transfer:/opt/ros/foxy:/home/dfolse/repos/SPIDER/SPIDER_ws/install/spider_description:/home/dfolse/repos/SPIDER/SPIDER_ws/install/nav2_common LD_LIBRARY_PATH=/home/dfolse/repos/SPIDER/SPIDER_ws/install/depthai_ros_msgs/lib:${LD_LIBRARY_PATH} NX_CONNECTION=192.168.1.26 58481 192.168.1.53 4000 PYTHONPATH=/home/dfolse/repos/SPIDER/SPIDER_ws/install/depthai_ros_msgs/lib/python3.8/site-packages:${PYTHONPATH} /usr/bin/cmake --build /home/dfolse/repos/SPIDER/SPIDER_ws/build/depthai_filters -- -j6 -l6
[6.551s] [35m[1mScanning dependencies of target depthai_filters[0m
[6.804s] [ 12%] [32mBuilding CXX object CMakeFiles/depthai_filters.dir/src/segmentation_overlay.cpp.o[0m
[6.817s] [ 25%] [32mBuilding CXX object CMakeFiles/depthai_filters.dir/src/detection2d_overlay.cpp.o[0m
[6.877s] [ 37%] [32mBuilding CXX object CMakeFiles/depthai_filters.dir/src/features_3d.cpp.o[0m
[7.951s] [ 50%] [32mBuilding CXX object CMakeFiles/depthai_filters.dir/src/feature_tracker_overlay.cpp.o[0m
[9.033s] [ 62%] [32mBuilding CXX object CMakeFiles/depthai_filters.dir/src/wls_filter.cpp.o[0m
[9.430s] In file included from [01m[K/home/dfolse/repos/SPIDER/SPIDER_ws/src/luxonis/depthai-ros/depthai_filters/src/wls_filter.cpp:1[m[K:
[9.431s] [01m[K/home/dfolse/repos/SPIDER/SPIDER_ws/src/luxonis/depthai-ros/depthai_filters/include/depthai_filters/wls_filter.hpp:8:10:[m[K [01;31m[Kfatal error: [m[Kopencv2/ximgproc/disparity_filter.hpp: No such file or directory
[9.431s]     8 | #include [01;31m[K"opencv2/ximgproc/disparity_filter.hpp"[m[K
[9.431s]       |          [01;31m[K^~~~~~~~~~~~~~~~~~~~~~~~~~~~~~~~~~~~~~~[m[K
[9.432s] compilation terminated.
[9.450s] make[2]: *** [CMakeFiles/depthai_filters.dir/build.make:102: CMakeFiles/depthai_filters.dir/src/wls_filter.cpp.o] Error 1
[9.450s] make[2]: *** Waiting for unfinished jobs....
[13.590s] [01m[K/home/dfolse/repos/SPIDER/SPIDER_ws/src/luxonis/depthai-ros/depthai_filters/src/segmentation_overlay.cpp:37:70:[m[K [01;35m[Kwarning: [m[Kextra â€˜[01m[K;[m[Kâ€™ [[01;35m[K-Wpedantic[m[K]
[13.590s]    37 | RCLCPP_COMPONENTS_REGISTER_NODE(depthai_filters::SegmentationOverlay)[01;35m[K;[m[K
[13.590s]       |                                                                      [01;35m[K^[m[K
[13.664s] [01m[K/home/dfolse/repos/SPIDER/SPIDER_ws/src/luxonis/depthai-ros/depthai_filters/src/detection2d_overlay.cpp:[m[K In member function â€˜[01m[Kvoid depthai_filters::Detection2DOverlay::overlayCB(const ConstSharedPtr&, const ConstSharedPtr&)[m[Kâ€™:
[13.664s] [01m[K/home/dfolse/repos/SPIDER/SPIDER_ws/src/luxonis/depthai-ros/depthai_filters/src/detection2d_overlay.cpp:27:41:[m[K [01;31m[Kerror: [m[Kâ€˜[01m[Kconst _center_type[m[Kâ€™ {aka â€˜[01m[Kconst struct geometry_msgs::msg::Pose2D_<std::allocator<void> >[m[Kâ€™} has no member named â€˜[01m[Kposition[m[Kâ€™
[13.664s]    27 |         auto x1 = detection.bbox.center.[01;31m[Kposition[m[K.x - detections->detections[0].bbox.size_x / 2.0;
[13.664s]       |                                         [01;31m[K^~~~~~~~[m[K
[13.664s] [01m[K/home/dfolse/repos/SPIDER/SPIDER_ws/src/luxonis/depthai-ros/depthai_filters/src/detection2d_overlay.cpp:28:41:[m[K [01;31m[Kerror: [m[Kâ€˜[01m[Kconst _center_type[m[Kâ€™ {aka â€˜[01m[Kconst struct geometry_msgs::msg::Pose2D_<std::allocator<void> >[m[Kâ€™} has no member named â€˜[01m[Kposition[m[Kâ€™
[13.665s]    28 |         auto x2 = detection.bbox.center.[01;31m[Kposition[m[K.x + detections->detections[0].bbox.size_x / 2.0;
[13.665s]       |                                         [01;31m[K^~~~~~~~[m[K
[13.672s] [01m[K/home/dfolse/repos/SPIDER/SPIDER_ws/src/luxonis/depthai-ros/depthai_filters/src/detection2d_overlay.cpp:29:41:[m[K [01;31m[Kerror: [m[Kâ€˜[01m[Kconst _center_type[m[Kâ€™ {aka â€˜[01m[Kconst struct geometry_msgs::msg::Pose2D_<std::allocator<void> >[m[Kâ€™} has no member named â€˜[01m[Kposition[m[Kâ€™
[13.672s]    29 |         auto y1 = detection.bbox.center.[01;31m[Kposition[m[K.y - detections->detections[0].bbox.size_y / 2.0;
[13.673s]       |                                         [01;31m[K^~~~~~~~[m[K
[13.673s] [01m[K/home/dfolse/repos/SPIDER/SPIDER_ws/src/luxonis/depthai-ros/depthai_filters/src/detection2d_overlay.cpp:30:41:[m[K [01;31m[Kerror: [m[Kâ€˜[01m[Kconst _center_type[m[Kâ€™ {aka â€˜[01m[Kconst struct geometry_msgs::msg::Pose2D_<std::allocator<void> >[m[Kâ€™} has no member named â€˜[01m[Kposition[m[Kâ€™
[13.673s]    30 |         auto y2 = detection.bbox.center.[01;31m[Kposition[m[K.y + detections->detections[0].bbox.size_y / 2.0;
[13.673s]       |                                         [01;31m[K^~~~~~~~[m[K
[13.673s] [01m[K/home/dfolse/repos/SPIDER/SPIDER_ws/src/luxonis/depthai-ros/depthai_filters/src/detection2d_overlay.cpp:31:60:[m[K [01;31m[Kerror: [m[Kâ€˜[01m[Kconst value_type[m[Kâ€™ {aka â€˜[01m[Kconst struct vision_msgs::msg::ObjectHypothesisWithPose_<std::allocator<void> >[m[Kâ€™} has no member named â€˜[01m[Khypothesis[m[Kâ€™
[13.673s]    31 |         auto labelStr = labelMap[stoi(detection.results[0].[01;31m[Khypothesis[m[K.class_id)];
[13.673s]       |                                                            [01;31m[K^~~~~~~~~~[m[K
[13.674s] [01m[K/home/dfolse/repos/SPIDER/SPIDER_ws/src/luxonis/depthai-ros/depthai_filters/src/detection2d_overlay.cpp:31:34:[m[K [01;31m[Kerror: [m[Kâ€˜[01m[Kstoi[m[Kâ€™ was not declared in this scope; did you mean â€˜[01m[Kstd::__cxx11::stoi[m[Kâ€™?
[13.675s]    31 |         auto labelStr = labelMap[[01;31m[Kstoi[m[K(detection.results[0].hypothesis.class_id)];
[13.675s]       |                                  [01;31m[K^~~~[m[K
[13.675s]       |                                  [32m[Kstd::__cxx11::stoi[m[K
[13.688s] In file included from [01m[K/usr/include/c++/9/string:55[m[K,
[13.688s]                  from [01m[K/usr/include/c++/9/stdexcept:39[m[K,
[13.688s]                  from [01m[K/usr/include/c++/9/array:39[m[K,
[13.689s]                  from [01m[K/usr/include/c++/9/tuple:39[m[K,
[13.689s]                  from [01m[K/usr/include/c++/9/bits/unique_ptr.h:37[m[K,
[13.689s]                  from [01m[K/usr/include/c++/9/memory:80[m[K,
[13.689s]                  from [01m[K/opt/ros/foxy/include/rclcpp/rclcpp.hpp:144[m[K,
[13.689s]                  from [01m[K/opt/ros/foxy/include/message_filters/subscriber.h:38[m[K,
[13.689s]                  from [01m[K/home/dfolse/repos/SPIDER/SPIDER_ws/src/luxonis/depthai-ros/depthai_filters/include/depthai_filters/detection2d_overlay.hpp:3[m[K,
[13.689s]                  from [01m[K/home/dfolse/repos/SPIDER/SPIDER_ws/src/luxonis/depthai-ros/depthai_filters/src/detection2d_overlay.cpp:1[m[K:
[13.689s] [01m[K/usr/include/c++/9/bits/basic_string.h:6612:3:[m[K [01;36m[Knote: [m[Kâ€˜[01m[Kstd::__cxx11::stoi[m[Kâ€™ declared here
[13.690s]  6612 |   [01;36m[Kstoi[m[K(const wstring& __str, size_t* __idx = 0, int __base = 10)
[13.690s]       |   [01;36m[K^~~~[m[K
[13.690s] [01m[K/home/dfolse/repos/SPIDER/SPIDER_ws/src/luxonis/depthai-ros/depthai_filters/src/detection2d_overlay.cpp:32:48:[m[K [01;31m[Kerror: [m[Kâ€˜[01m[Kconst value_type[m[Kâ€™ {aka â€˜[01m[Kconst struct vision_msgs::msg::ObjectHypothesisWithPose_<std::allocator<void> >[m[Kâ€™} has no member named â€˜[01m[Khypothesis[m[Kâ€™
[13.690s]    32 |         auto confidence = detection.results[0].[01;31m[Khypothesis[m[K.score;
[13.690s]       |                                                [01;31m[K^~~~~~~~~~[m[K
[13.696s] [01m[K/home/dfolse/repos/SPIDER/SPIDER_ws/src/luxonis/depthai-ros/depthai_filters/src/detection2d_overlay.cpp:35:39:[m[K [01;31m[Kerror: [m[Kâ€˜[01m[Ksetprecision[m[Kâ€™ is not a member of â€˜[01m[Kstd[m[Kâ€™
[13.696s]    35 |         confStr << std::fixed << std::[01;31m[Ksetprecision[m[K(2) << confidence * 100;
[13.696s]       |                                       [01;31m[K^~~~~~~~~~~~[m[K
[13.747s] [01m[K/home/dfolse/repos/SPIDER/SPIDER_ws/src/luxonis/depthai-ros/depthai_filters/src/detection2d_overlay.cpp:[m[K At global scope:
[13.747s] [01m[K/home/dfolse/repos/SPIDER/SPIDER_ws/src/luxonis/depthai-ros/depthai_filters/src/detection2d_overlay.cpp:47:69:[m[K [01;35m[Kwarning: [m[Kextra â€˜[01m[K;[m[Kâ€™ [[01;35m[K-Wpedantic[m[K]
[13.747s]    47 | RCLCPP_COMPONENTS_REGISTER_NODE(depthai_filters::Detection2DOverlay)[01;35m[K;[m[K
[13.747s]       |                                                                     [01;35m[K^[m[K
[16.612s] In file included from [01m[K/home/dfolse/repos/SPIDER/SPIDER_ws/src/luxonis/depthai-ros/depthai_filters/src/feature_tracker_overlay.cpp:1[m[K:
[16.613s] [01m[K/home/dfolse/repos/SPIDER/SPIDER_ws/src/luxonis/depthai-ros/depthai_filters/include/depthai_filters/feature_tracker_overlay.hpp:42:10:[m[K [01;31m[Kerror: [m[Kâ€˜[01m[Kunordered_set[m[Kâ€™ in namespace â€˜[01m[Kstd[m[Kâ€™ does not name a template type
[16.613s]    42 |     std::[01;31m[Kunordered_set[m[K<featureIdType> trackedIDs;
[16.613s]       |          [01;31m[K^~~~~~~~~~~~~[m[K
[16.613s] In file included from [01m[K/home/dfolse/repos/SPIDER/SPIDER_ws/src/luxonis/depthai-ros/depthai_filters/src/feature_tracker_overlay.cpp:1[m[K:
[16.613s] [01m[K/home/dfolse/repos/SPIDER/SPIDER_ws/src/luxonis/depthai-ros/depthai_filters/include/depthai_filters/feature_tracker_overlay.hpp:8:1:[m[K [01;36m[Knote: [m[Kâ€˜[01m[Kstd::unordered_set[m[Kâ€™ is defined in header â€˜[01m[K<unordered_set>[m[Kâ€™; did you forget to â€˜[01m[K#include <unordered_set>[m[Kâ€™?
[16.614s]     7 | #include "message_filters/sync_policies/approximate_time.h"
[16.614s]   +++ |+[32m[K#include <unordered_set>[m[K
[16.614s]     8 | #include "message_filters/synchronizer.h"
[16.792s] [01m[K/home/dfolse/repos/SPIDER/SPIDER_ws/src/luxonis/depthai-ros/depthai_filters/src/features_3d.cpp:69:61:[m[K [01;35m[Kwarning: [m[Kextra â€˜[01m[K;[m[Kâ€™ [[01;35m[K-Wpedantic[m[K]
[16.792s]    69 | RCLCPP_COMPONENTS_REGISTER_NODE(depthai_filters::Features3D)[01;35m[K;[m[K
[16.792s]       |                                                             [01;35m[K^[m[K
[16.934s] [01m[K/home/dfolse/repos/SPIDER/SPIDER_ws/src/luxonis/depthai-ros/depthai_filters/src/feature_tracker_overlay.cpp:[m[K In member function â€˜[01m[Kvoid depthai_filters::FeatureTrackerOverlay::trackFeaturePath(std::vector<depthai_ros_msgs::msg::TrackedFeature_<std::allocator<void> >, std::allocator<depthai_ros_msgs::msg::TrackedFeature_<std::allocator<void> > > >&)[m[Kâ€™:
[16.935s] [01m[K/home/dfolse/repos/SPIDER/SPIDER_ws/src/luxonis/depthai-ros/depthai_filters/src/feature_tracker_overlay.cpp:32:10:[m[K [01;31m[Kerror: [m[Kâ€˜[01m[Kunordered_set[m[Kâ€™ is not a member of â€˜[01m[Kstd[m[Kâ€™
[16.935s]    32 |     std::[01;31m[Kunordered_set[m[K<featureIdType> newTrackedIDs;
[16.935s]       |          [01;31m[K^~~~~~~~~~~~~[m[K
[16.935s] [01m[K/home/dfolse/repos/SPIDER/SPIDER_ws/src/luxonis/depthai-ros/depthai_filters/src/feature_tracker_overlay.cpp:5:1:[m[K [01;36m[Knote: [m[Kâ€˜[01m[Kstd::unordered_set[m[Kâ€™ is defined in header â€˜[01m[K<unordered_set>[m[Kâ€™; did you forget to â€˜[01m[K#include <unordered_set>[m[Kâ€™?
[16.936s]     4 | #include "depthai_filters/utils.hpp"
[16.936s]   +++ |+[32m[K#include <unordered_set>[m[K
[16.936s]     5 | 
[16.936s] [01m[K/home/dfolse/repos/SPIDER/SPIDER_ws/src/luxonis/depthai-ros/depthai_filters/src/feature_tracker_overlay.cpp:32:37:[m[K [01;31m[Kerror: [m[Kexpected primary-expression before â€˜[01m[K>[m[Kâ€™ token
[16.936s]    32 |     std::unordered_set<featureIdType[01;31m[K>[m[K newTrackedIDs;
[16.936s]       |                                     [01;31m[K^[m[K
[16.979s] [01m[K/home/dfolse/repos/SPIDER/SPIDER_ws/src/luxonis/depthai-ros/depthai_filters/src/feature_tracker_overlay.cpp:32:39:[m[K [01;31m[Kerror: [m[Kâ€˜[01m[KnewTrackedIDs[m[Kâ€™ was not declared in this scope
[16.979s]    32 |     std::unordered_set<featureIdType> [01;31m[KnewTrackedIDs[m[K;
[16.979s]       |                                       [01;31m[K^~~~~~~~~~~~~[m[K
[17.006s] [01m[K/home/dfolse/repos/SPIDER/SPIDER_ws/src/luxonis/depthai-ros/depthai_filters/src/feature_tracker_overlay.cpp:48:10:[m[K [01;31m[Kerror: [m[Kâ€˜[01m[Kunordered_set[m[Kâ€™ is not a member of â€˜[01m[Kstd[m[Kâ€™
[17.006s]    48 |     std::[01;31m[Kunordered_set[m[K<featureIdType> featuresToRemove;
[17.006s]       |          [01;31m[K^~~~~~~~~~~~~[m[K
[17.006s] [01m[K/home/dfolse/repos/SPIDER/SPIDER_ws/src/luxonis/depthai-ros/depthai_filters/src/feature_tracker_overlay.cpp:48:10:[m[K [01;36m[Knote: [m[Kâ€˜[01m[Kstd::unordered_set[m[Kâ€™ is defined in header â€˜[01m[K<unordered_set>[m[Kâ€™; did you forget to â€˜[01m[K#include <unordered_set>[m[Kâ€™?
[17.007s] [01m[K/home/dfolse/repos/SPIDER/SPIDER_ws/src/luxonis/depthai-ros/depthai_filters/src/feature_tracker_overlay.cpp:48:37:[m[K [01;31m[Kerror: [m[Kexpected primary-expression before â€˜[01m[K>[m[Kâ€™ token
[17.007s]    48 |     std::unordered_set<featureIdType[01;31m[K>[m[K featuresToRemove;
[17.007s]       |                                     [01;31m[K^[m[K
[17.035s] [01m[K/home/dfolse/repos/SPIDER/SPIDER_ws/src/luxonis/depthai-ros/depthai_filters/src/feature_tracker_overlay.cpp:48:39:[m[K [01;31m[Kerror: [m[Kâ€˜[01m[KfeaturesToRemove[m[Kâ€™ was not declared in this scope
[17.035s]    48 |     std::unordered_set<featureIdType> [01;31m[KfeaturesToRemove[m[K;
[17.035s]       |                                       [01;31m[K^~~~~~~~~~~~~~~~[m[K
[17.050s] [01m[K/home/dfolse/repos/SPIDER/SPIDER_ws/src/luxonis/depthai-ros/depthai_filters/src/feature_tracker_overlay.cpp:49:23:[m[K [01;31m[Kerror: [m[Kâ€˜[01m[KtrackedIDs[m[Kâ€™ was not declared in this scope
[17.051s]    49 |     for(auto& oldId : [01;31m[KtrackedIDs[m[K) {
[17.051s]       |                       [01;31m[K^~~~~~~~~~[m[K
[17.070s] [01m[K/home/dfolse/repos/SPIDER/SPIDER_ws/src/luxonis/depthai-ros/depthai_filters/src/feature_tracker_overlay.cpp:59:5:[m[K [01;31m[Kerror: [m[Kâ€˜[01m[KtrackedIDs[m[Kâ€™ was not declared in this scope
[17.071s]    59 |     [01;31m[KtrackedIDs[m[K = newTrackedIDs;
[17.071s]       |     [01;31m[K^~~~~~~~~~[m[K
[17.106s] [01m[K/home/dfolse/repos/SPIDER/SPIDER_ws/src/luxonis/depthai-ros/depthai_filters/src/feature_tracker_overlay.cpp:[m[K At global scope:
[17.106s] [01m[K/home/dfolse/repos/SPIDER/SPIDER_ws/src/luxonis/depthai-ros/depthai_filters/src/feature_tracker_overlay.cpp:76:72:[m[K [01;35m[Kwarning: [m[Kextra â€˜[01m[K;[m[Kâ€™ [[01;35m[K-Wpedantic[m[K]
[17.106s]    76 | RCLCPP_COMPONENTS_REGISTER_NODE(depthai_filters::FeatureTrackerOverlay)[01;35m[K;[m[K
[17.106s]       |                                                                        [01;35m[K^[m[K
[24.318s] make[2]: *** [CMakeFiles/depthai_filters.dir/build.make:63: CMakeFiles/depthai_filters.dir/src/detection2d_overlay.cpp.o] Error 1
[25.737s] make[2]: *** [CMakeFiles/depthai_filters.dir/build.make:115: CMakeFiles/depthai_filters.dir/src/feature_tracker_overlay.cpp.o] Error 1
[44.208s] make[1]: *** [CMakeFiles/Makefile2:78: CMakeFiles/depthai_filters.dir/all] Error 2
[44.214s] make: *** [Makefile:141: all] Error 2
