[01m[K/home/dfolse/repos/SPIDER/SPIDER_ws/src/luxonis/depthai-ros/depthai_filters/src/detection2d_overlay.cpp:[m[K In member function â€˜[01m[Kvoid depthai_filters::Detection2DOverlay::overlayCB(const ConstSharedPtr&, const ConstSharedPtr&)[m[Kâ€™:
[01m[K/home/dfolse/repos/SPIDER/SPIDER_ws/src/luxonis/depthai-ros/depthai_filters/src/detection2d_overlay.cpp:27:41:[m[K [01;31m[Kerror: [m[Kâ€˜[01m[Kconst _center_type[m[Kâ€™ {aka â€˜[01m[Kconst struct geometry_msgs::msg::Pose2D_<std::allocator<void> >[m[Kâ€™} has no member named â€˜[01m[Kposition[m[Kâ€™
   27 |         auto x1 = detection.bbox.center.[01;31m[Kposition[m[K.x - detections->detections[0].bbox.size_x / 2.0;
      |                                         [01;31m[K^~~~~~~~[m[K
[01m[K/home/dfolse/repos/SPIDER/SPIDER_ws/src/luxonis/depthai-ros/depthai_filters/src/detection2d_overlay.cpp:28:41:[m[K [01;31m[Kerror: [m[Kâ€˜[01m[Kconst _center_type[m[Kâ€™ {aka â€˜[01m[Kconst struct geometry_msgs::msg::Pose2D_<std::allocator<void> >[m[Kâ€™} has no member named â€˜[01m[Kposition[m[Kâ€™
   28 |         auto x2 = detection.bbox.center.[01;31m[Kposition[m[K.x + detections->detections[0].bbox.size_x / 2.0;
      |                                         [01;31m[K^~~~~~~~[m[K
[01m[K/home/dfolse/repos/SPIDER/SPIDER_ws/src/luxonis/depthai-ros/depthai_filters/src/detection2d_overlay.cpp:29:41:[m[K [01;31m[Kerror: [m[Kâ€˜[01m[Kconst _center_type[m[Kâ€™ {aka â€˜[01m[Kconst struct geometry_msgs::msg::Pose2D_<std::allocator<void> >[m[Kâ€™} has no member named â€˜[01m[Kposition[m[Kâ€™
   29 |         auto y1 = detection.bbox.center.[01;31m[Kposition[m[K.y - detections->detections[0].bbox.size_y / 2.0;
      |                                         [01;31m[K^~~~~~~~[m[K
[01m[K/home/dfolse/repos/SPIDER/SPIDER_ws/src/luxonis/depthai-ros/depthai_filters/src/detection2d_overlay.cpp:30:41:[m[K [01;31m[Kerror: [m[Kâ€˜[01m[Kconst _center_type[m[Kâ€™ {aka â€˜[01m[Kconst struct geometry_msgs::msg::Pose2D_<std::allocator<void> >[m[Kâ€™} has no member named â€˜[01m[Kposition[m[Kâ€™
   30 |         auto y2 = detection.bbox.center.[01;31m[Kposition[m[K.y + detections->detections[0].bbox.size_y / 2.0;
      |                                         [01;31m[K^~~~~~~~[m[K
[01m[K/home/dfolse/repos/SPIDER/SPIDER_ws/src/luxonis/depthai-ros/depthai_filters/src/detection2d_overlay.cpp:31:60:[m[K [01;31m[Kerror: [m[Kâ€˜[01m[Kconst value_type[m[Kâ€™ {aka â€˜[01m[Kconst struct vision_msgs::msg::ObjectHypothesisWithPose_<std::allocator<void> >[m[Kâ€™} has no member named â€˜[01m[Khypothesis[m[Kâ€™
   31 |         auto labelStr = labelMap[stoi(detection.results[0].[01;31m[Khypothesis[m[K.class_id)];
      |                                                            [01;31m[K^~~~~~~~~~[m[K
[01m[K/home/dfolse/repos/SPIDER/SPIDER_ws/src/luxonis/depthai-ros/depthai_filters/src/detection2d_overlay.cpp:31:34:[m[K [01;31m[Kerror: [m[Kâ€˜[01m[Kstoi[m[Kâ€™ was not declared in this scope; did you mean â€˜[01m[Kstd::__cxx11::stoi[m[Kâ€™?
   31 |         auto labelStr = labelMap[[01;31m[Kstoi[m[K(detection.results[0].hypothesis.class_id)];
      |                                  [01;31m[K^~~~[m[K
      |                                  [32m[Kstd::__cxx11::stoi[m[K
In file included from [01m[K/usr/include/c++/9/string:55[m[K,
                 from [01m[K/usr/include/c++/9/stdexcept:39[m[K,
                 from [01m[K/usr/include/c++/9/array:39[m[K,
                 from [01m[K/usr/include/c++/9/tuple:39[m[K,
                 from [01m[K/usr/include/c++/9/bits/unique_ptr.h:37[m[K,
                 from [01m[K/usr/include/c++/9/memory:80[m[K,
                 from [01m[K/opt/ros/foxy/include/rclcpp/rclcpp.hpp:144[m[K,
                 from [01m[K/opt/ros/foxy/include/message_filters/subscriber.h:38[m[K,
                 from [01m[K/home/dfolse/repos/SPIDER/SPIDER_ws/src/luxonis/depthai-ros/depthai_filters/include/depthai_filters/detection2d_overlay.hpp:3[m[K,
                 from [01m[K/home/dfolse/repos/SPIDER/SPIDER_ws/src/luxonis/depthai-ros/depthai_filters/src/detection2d_overlay.cpp:1[m[K:
[01m[K/usr/include/c++/9/bits/basic_string.h:6612:3:[m[K [01;36m[Knote: [m[Kâ€˜[01m[Kstd::__cxx11::stoi[m[Kâ€™ declared here
 6612 |   [01;36m[Kstoi[m[K(const wstring& __str, size_t* __idx = 0, int __base = 10)
      |   [01;36m[K^~~~[m[K
[01m[K/home/dfolse/repos/SPIDER/SPIDER_ws/src/luxonis/depthai-ros/depthai_filters/src/detection2d_overlay.cpp:32:48:[m[K [01;31m[Kerror: [m[Kâ€˜[01m[Kconst value_type[m[Kâ€™ {aka â€˜[01m[Kconst struct vision_msgs::msg::ObjectHypothesisWithPose_<std::allocator<void> >[m[Kâ€™} has no member named â€˜[01m[Khypothesis[m[Kâ€™
   32 |         auto confidence = detection.results[0].[01;31m[Khypothesis[m[K.score;
      |                                                [01;31m[K^~~~~~~~~~[m[K
[01m[K/home/dfolse/repos/SPIDER/SPIDER_ws/src/luxonis/depthai-ros/depthai_filters/src/detection2d_overlay.cpp:35:39:[m[K [01;31m[Kerror: [m[Kâ€˜[01m[Ksetprecision[m[Kâ€™ is not a member of â€˜[01m[Kstd[m[Kâ€™
   35 |         confStr << std::fixed << std::[01;31m[Ksetprecision[m[K(2) << confidence * 100;
      |                                       [01;31m[K^~~~~~~~~~~~[m[K
[01m[K/home/dfolse/repos/SPIDER/SPIDER_ws/src/luxonis/depthai-ros/depthai_filters/src/detection2d_overlay.cpp:[m[K At global scope:
[01m[K/home/dfolse/repos/SPIDER/SPIDER_ws/src/luxonis/depthai-ros/depthai_filters/src/detection2d_overlay.cpp:47:69:[m[K [01;35m[Kwarning: [m[Kextra â€˜[01m[K;[m[Kâ€™ [[01;35m[K-Wpedantic[m[K]
   47 | RCLCPP_COMPONENTS_REGISTER_NODE(depthai_filters::Detection2DOverlay)[01;35m[K;[m[K
      |                                                                     [01;35m[K^[m[K
make[2]: *** [CMakeFiles/depthai_filters.dir/build.make:63: CMakeFiles/depthai_filters.dir/src/detection2d_overlay.cpp.o] Error 1
make[1]: *** [CMakeFiles/Makefile2:78: CMakeFiles/depthai_filters.dir/all] Error 2
make: *** [Makefile:141: all] Error 2
