[0.125s] Invoking command in '/home/dfolse/repos/SPIDER/SPIDER_ws/build/depthai_filters': AMENT_PREFIX_PATH=/home/dfolse/repos/SPIDER/SPIDER_ws/install/depthai_ros_msgs:${AMENT_PREFIX_PATH} CMAKE_PREFIX_PATH=/home/dfolse/repos/SPIDER/SPIDER_ws/install/depthai_ros_msgs:/opt/ros/foxy LD_LIBRARY_PATH=/home/dfolse/repos/SPIDER/SPIDER_ws/install/depthai_ros_msgs/lib:${LD_LIBRARY_PATH} NX_CONNECTION=192.168.1.26 63880 192.168.1.53 4000 PYTHONPATH=/home/dfolse/repos/SPIDER/SPIDER_ws/install/depthai_ros_msgs/lib/python3.8/site-packages:${PYTHONPATH} /usr/bin/cmake --build /home/dfolse/repos/SPIDER/SPIDER_ws/build/depthai_filters
[0.422s] -- Found ament_cmake_auto: 0.9.12 (/opt/ros/foxy/share/ament_cmake_auto/cmake)
[1.281s] -- Using PYTHON_EXECUTABLE: /home/dfolse/.pyenv/shims/python3
[3.428s] -- Using all available rosidl_typesupport_c: rosidl_typesupport_fastrtps_c;rosidl_typesupport_introspection_c
[3.456s] -- Found rosidl_adapter: 1.3.1 (/opt/ros/foxy/share/rosidl_adapter/cmake)
[3.935s] -- Using all available rosidl_typesupport_cpp: rosidl_typesupport_fastrtps_cpp;rosidl_typesupport_introspection_cpp
[4.722s] -- Found rmw_implementation_cmake: 1.0.4 (/opt/ros/foxy/share/rmw_implementation_cmake/cmake)
[4.726s] -- Using RMW implementation 'rmw_fastrtps_cpp' as default
[6.715s] -- Configuring done
[6.772s] -- Generating done
[6.776s] -- Build files have been written to: /home/dfolse/repos/SPIDER/SPIDER_ws/build/depthai_filters
[6.935s] [35m[1mScanning dependencies of target depthai_filters[0m
[7.138s] [ 12%] [32mBuilding CXX object CMakeFiles/depthai_filters.dir/src/detection2d_overlay.cpp.o[0m
[13.814s] [01m[K/home/dfolse/repos/SPIDER/SPIDER_ws/src/luxonis/depthai-ros/depthai_filters/src/detection2d_overlay.cpp:[m[K In member function â€˜[01m[Kvoid depthai_filters::Detection2DOverlay::overlayCB(const ConstSharedPtr&, const ConstSharedPtr&)[m[Kâ€™:
[13.817s] [01m[K/home/dfolse/repos/SPIDER/SPIDER_ws/src/luxonis/depthai-ros/depthai_filters/src/detection2d_overlay.cpp:27:41:[m[K [01;31m[Kerror: [m[Kâ€˜[01m[Kconst _center_type[m[Kâ€™ {aka â€˜[01m[Kconst struct geometry_msgs::msg::Pose2D_<std::allocator<void> >[m[Kâ€™} has no member named â€˜[01m[Kposition[m[Kâ€™
[13.818s]    27 |         auto x1 = detection.bbox.center.[01;31m[Kposition[m[K.x - detections->detections[0].bbox.size_x / 2.0;
[13.818s]       |                                         [01;31m[K^~~~~~~~[m[K
[13.818s] [01m[K/home/dfolse/repos/SPIDER/SPIDER_ws/src/luxonis/depthai-ros/depthai_filters/src/detection2d_overlay.cpp:28:41:[m[K [01;31m[Kerror: [m[Kâ€˜[01m[Kconst _center_type[m[Kâ€™ {aka â€˜[01m[Kconst struct geometry_msgs::msg::Pose2D_<std::allocator<void> >[m[Kâ€™} has no member named â€˜[01m[Kposition[m[Kâ€™
[13.818s]    28 |         auto x2 = detection.bbox.center.[01;31m[Kposition[m[K.x + detections->detections[0].bbox.size_x / 2.0;
[13.818s]       |                                         [01;31m[K^~~~~~~~[m[K
[13.818s] [01m[K/home/dfolse/repos/SPIDER/SPIDER_ws/src/luxonis/depthai-ros/depthai_filters/src/detection2d_overlay.cpp:29:41:[m[K [01;31m[Kerror: [m[Kâ€˜[01m[Kconst _center_type[m[Kâ€™ {aka â€˜[01m[Kconst struct geometry_msgs::msg::Pose2D_<std::allocator<void> >[m[Kâ€™} has no member named â€˜[01m[Kposition[m[Kâ€™
[13.819s]    29 |         auto y1 = detection.bbox.center.[01;31m[Kposition[m[K.y - detections->detections[0].bbox.size_y / 2.0;
[13.819s]       |                                         [01;31m[K^~~~~~~~[m[K
[13.819s] [01m[K/home/dfolse/repos/SPIDER/SPIDER_ws/src/luxonis/depthai-ros/depthai_filters/src/detection2d_overlay.cpp:30:41:[m[K [01;31m[Kerror: [m[Kâ€˜[01m[Kconst _center_type[m[Kâ€™ {aka â€˜[01m[Kconst struct geometry_msgs::msg::Pose2D_<std::allocator<void> >[m[Kâ€™} has no member named â€˜[01m[Kposition[m[Kâ€™
[13.819s]    30 |         auto y2 = detection.bbox.center.[01;31m[Kposition[m[K.y + detections->detections[0].bbox.size_y / 2.0;
[13.820s]       |                                         [01;31m[K^~~~~~~~[m[K
[13.820s] [01m[K/home/dfolse/repos/SPIDER/SPIDER_ws/src/luxonis/depthai-ros/depthai_filters/src/detection2d_overlay.cpp:31:60:[m[K [01;31m[Kerror: [m[Kâ€˜[01m[Kconst value_type[m[Kâ€™ {aka â€˜[01m[Kconst struct vision_msgs::msg::ObjectHypothesisWithPose_<std::allocator<void> >[m[Kâ€™} has no member named â€˜[01m[Khypothesis[m[Kâ€™
[13.820s]    31 |         auto labelStr = labelMap[stoi(detection.results[0].[01;31m[Khypothesis[m[K.class_id)];
[13.820s]       |                                                            [01;31m[K^~~~~~~~~~[m[K
[13.820s] [01m[K/home/dfolse/repos/SPIDER/SPIDER_ws/src/luxonis/depthai-ros/depthai_filters/src/detection2d_overlay.cpp:31:34:[m[K [01;31m[Kerror: [m[Kâ€˜[01m[Kstoi[m[Kâ€™ was not declared in this scope; did you mean â€˜[01m[Kstd::__cxx11::stoi[m[Kâ€™?
[13.820s]    31 |         auto labelStr = labelMap[[01;31m[Kstoi[m[K(detection.results[0].hypothesis.class_id)];
[13.820s]       |                                  [01;31m[K^~~~[m[K
[13.821s]       |                                  [32m[Kstd::__cxx11::stoi[m[K
[13.821s] In file included from [01m[K/usr/include/c++/9/string:55[m[K,
[13.821s]                  from [01m[K/usr/include/c++/9/stdexcept:39[m[K,
[13.821s]                  from [01m[K/usr/include/c++/9/array:39[m[K,
[13.821s]                  from [01m[K/usr/include/c++/9/tuple:39[m[K,
[13.821s]                  from [01m[K/usr/include/c++/9/bits/unique_ptr.h:37[m[K,
[13.821s]                  from [01m[K/usr/include/c++/9/memory:80[m[K,
[13.821s]                  from [01m[K/opt/ros/foxy/include/rclcpp/rclcpp.hpp:144[m[K,
[13.822s]                  from [01m[K/opt/ros/foxy/include/message_filters/subscriber.h:38[m[K,
[13.822s]                  from [01m[K/home/dfolse/repos/SPIDER/SPIDER_ws/src/luxonis/depthai-ros/depthai_filters/include/depthai_filters/detection2d_overlay.hpp:3[m[K,
[13.822s]                  from [01m[K/home/dfolse/repos/SPIDER/SPIDER_ws/src/luxonis/depthai-ros/depthai_filters/src/detection2d_overlay.cpp:1[m[K:
[13.822s] [01m[K/usr/include/c++/9/bits/basic_string.h:6612:3:[m[K [01;36m[Knote: [m[Kâ€˜[01m[Kstd::__cxx11::stoi[m[Kâ€™ declared here
[13.822s]  6612 |   [01;36m[Kstoi[m[K(const wstring& __str, size_t* __idx = 0, int __base = 10)
[13.822s]       |   [01;36m[K^~~~[m[K
[13.822s] [01m[K/home/dfolse/repos/SPIDER/SPIDER_ws/src/luxonis/depthai-ros/depthai_filters/src/detection2d_overlay.cpp:32:48:[m[K [01;31m[Kerror: [m[Kâ€˜[01m[Kconst value_type[m[Kâ€™ {aka â€˜[01m[Kconst struct vision_msgs::msg::ObjectHypothesisWithPose_<std::allocator<void> >[m[Kâ€™} has no member named â€˜[01m[Khypothesis[m[Kâ€™
[13.822s]    32 |         auto confidence = detection.results[0].[01;31m[Khypothesis[m[K.score;
[13.822s]       |                                                [01;31m[K^~~~~~~~~~[m[K
[13.826s] [01m[K/home/dfolse/repos/SPIDER/SPIDER_ws/src/luxonis/depthai-ros/depthai_filters/src/detection2d_overlay.cpp:35:39:[m[K [01;31m[Kerror: [m[Kâ€˜[01m[Ksetprecision[m[Kâ€™ is not a member of â€˜[01m[Kstd[m[Kâ€™
[13.827s]    35 |         confStr << std::fixed << std::[01;31m[Ksetprecision[m[K(2) << confidence * 100;
[13.827s]       |                                       [01;31m[K^~~~~~~~~~~~[m[K
[13.906s] [01m[K/home/dfolse/repos/SPIDER/SPIDER_ws/src/luxonis/depthai-ros/depthai_filters/src/detection2d_overlay.cpp:[m[K At global scope:
[13.906s] [01m[K/home/dfolse/repos/SPIDER/SPIDER_ws/src/luxonis/depthai-ros/depthai_filters/src/detection2d_overlay.cpp:47:69:[m[K [01;35m[Kwarning: [m[Kextra â€˜[01m[K;[m[Kâ€™ [[01;35m[K-Wpedantic[m[K]
[13.906s]    47 | RCLCPP_COMPONENTS_REGISTER_NODE(depthai_filters::Detection2DOverlay)[01;35m[K;[m[K
[13.906s]       |                                                                     [01;35m[K^[m[K
[23.093s] make[2]: *** [CMakeFiles/depthai_filters.dir/build.make:63: CMakeFiles/depthai_filters.dir/src/detection2d_overlay.cpp.o] Error 1
[23.094s] make[1]: *** [CMakeFiles/Makefile2:78: CMakeFiles/depthai_filters.dir/all] Error 2
[23.096s] make: *** [Makefile:141: all] Error 2
