-- ------------------------------------------
-- Depthai Bridge is being built using AMENT.
-- ------------------------------------------
-- Found camera_info_manager: 2.4.0 (/opt/ros/foxy/share/camera_info_manager/cmake)
-- Using PYTHON_EXECUTABLE: /home/dfolse/.pyenv/shims/python3
-- Using all available rosidl_typesupport_c: rosidl_typesupport_fastrtps_c;rosidl_typesupport_introspection_c
-- Found rosidl_adapter: 1.3.1 (/opt/ros/foxy/share/rosidl_adapter/cmake)
-- Using all available rosidl_typesupport_cpp: rosidl_typesupport_fastrtps_cpp;rosidl_typesupport_introspection_cpp
-- Found rmw_implementation_cmake: 1.0.4 (/opt/ros/foxy/share/rmw_implementation_cmake/cmake)
-- Using RMW implementation 'rmw_fastrtps_cpp' as default
-- Setting yaml-cpp_DIR to: '/opt/ros/foxy/share/yaml_cpp_vendor/cmake/../../../opt/yaml_cpp_vendor/lib/cmake/yaml-cpp'
-- Found cv_bridge: 3.0.7 (/opt/ros/foxy/share/cv_bridge/cmake)
-- Found depthai_ros_msgs: 2.9.0 (/home/dfolse/repos/SPIDER/SPIDER_ws/install/depthai_ros_msgs/share/depthai_ros_msgs/cmake)
-- Found image_transport: 2.4.0 (/opt/ros/foxy/share/image_transport/cmake)
-- Found stereo_msgs: 2.0.5 (/opt/ros/foxy/share/stereo_msgs/cmake)
-- Found tf2_ros: 0.13.14 (/opt/ros/foxy/share/tf2_ros/cmake)
-- Found tf2_geometry_msgs: 0.13.14 (/opt/ros/foxy/share/tf2_geometry_msgs/cmake)
-- Found eigen3_cmake_module: 0.1.1 (/opt/ros/foxy/share/eigen3_cmake_module/cmake)
-- --------------------------foxy ---
-- foxy
-- Configuring done
-- Generating done
-- Build files have been written to: /home/dfolse/repos/SPIDER/SPIDER_ws/build/depthai_bridge
[35m[1mScanning dependencies of target depthai_bridge[0m
[ 10%] [32mBuilding CXX object CMakeFiles/depthai_bridge.dir/src/DisparityConverter.cpp.o[0m
[ 20%] [32mBuilding CXX object CMakeFiles/depthai_bridge.dir/src/ImageConverter.cpp.o[0m
[ 30%] [32mBuilding CXX object CMakeFiles/depthai_bridge.dir/src/ImgDetectionConverter.cpp.o[0m
[ 40%] [32mBuilding CXX object CMakeFiles/depthai_bridge.dir/src/ImuConverter.cpp.o[0m
[ 50%] [32mBuilding CXX object CMakeFiles/depthai_bridge.dir/src/SpatialDetectionConverter.cpp.o[0m
[01m[K/home/dfolse/repos/SPIDER/SPIDER_ws/src/luxonis/depthai-ros/depthai_bridge/src/SpatialDetectionConverter.cpp:[m[K In member function â€˜[01m[Kvoid dai::ros::SpatialDetectionConverter::toRosVisionMsg(std::shared_ptr<dai::SpatialImgDetections>, std::deque<vision_msgs::msg::Detection3DArray_<std::allocator<void> > >&)[m[Kâ€™:
[01m[K/home/dfolse/repos/SPIDER/SPIDER_ws/src/luxonis/depthai-ros/depthai_bridge/src/SpatialDetectionConverter.cpp:133:49:[m[K [01;31m[Kerror: [m[Kâ€˜[01m[K__gnu_cxx::__alloc_traits<std::allocator<vision_msgs::msg::ObjectHypothesisWithPose_<std::allocator<void> > >, vision_msgs::msg::ObjectHypothesisWithPose_<std::allocator<void> > >::value_type[m[Kâ€™ {aka â€˜[01m[Kstruct vision_msgs::msg::ObjectHypothesisWithPose_<std::allocator<void> >[m[Kâ€™} has no member named â€˜[01m[Khypothesis[m[Kâ€™
  133 |         opDetectionMsg.detections[i].results[0].[01;31m[Khypothesis[m[K.class_id = std::to_string(inNetData->detections[i].label);
      |                                                 [01;31m[K^~~~~~~~~~[m[K
[01m[K/home/dfolse/repos/SPIDER/SPIDER_ws/src/luxonis/depthai-ros/depthai_bridge/src/SpatialDetectionConverter.cpp:134:49:[m[K [01;31m[Kerror: [m[Kâ€˜[01m[K__gnu_cxx::__alloc_traits<std::allocator<vision_msgs::msg::ObjectHypothesisWithPose_<std::allocator<void> > >, vision_msgs::msg::ObjectHypothesisWithPose_<std::allocator<void> > >::value_type[m[Kâ€™ {aka â€˜[01m[Kstruct vision_msgs::msg::ObjectHypothesisWithPose_<std::allocator<void> >[m[Kâ€™} has no member named â€˜[01m[Khypothesis[m[Kâ€™
  134 |         opDetectionMsg.detections[i].results[0].[01;31m[Khypothesis[m[K.score = inNetData->detections[i].confidence;
      |                                                 [01;31m[K^~~~~~~~~~[m[K
make[2]: *** [CMakeFiles/depthai_bridge.dir/build.make:115: CMakeFiles/depthai_bridge.dir/src/SpatialDetectionConverter.cpp.o] Error 1
make[1]: *** [CMakeFiles/Makefile2:78: CMakeFiles/depthai_bridge.dir/all] Error 2
make: *** [Makefile:141: all] Error 2
